2024-05-23 08:51:52,863 [INFO] Activator:176 - 


2024-05-23 08:51:52,866 [INFO] Activator:177 - !SESSION log4j initialized
2024-05-23 08:51:55,051 [INFO] LogOutputStream:77 - [STDOUT_REDIRECT] 
2024-05-23 08:51:56,997 [INFO] ApplicationProperties:184 - Using Application install path: C:\ST\STM32CubeIDE_1.13.1\STM32CubeIDE\plugins\com.st.stm32cube.common.mx_6.11.1.202404110753
2024-05-23 08:51:57,018 [INFO] DbMcusXml:78 - Set database path to: C:\ST\STM32CubeIDE_1.13.1\STM32CubeIDE\plugins\com.st.stm32cube.common.mx_6.11.1.202404110753\\db\/mcu/
2024-05-23 08:51:57,018 [INFO] ApiDb:274 - Set plugin database path to: C:\ST\STM32CubeIDE_1.13.1\STM32CubeIDE\plugins\com.st.stm32cube.common.mx_6.11.1.202404110753\\db\/plugins/boardmanager/
2024-05-23 08:51:57,021 [WARN] ApiDb:259 - Overriding images path with different value:  => C:\ST\STM32CubeIDE_1.13.1\STM32CubeIDE\plugins\com.st.stm32cube.common.mx_6.11.1.202404110753\\db\/plugins/mcufinder/images/
2024-05-23 08:51:57,028 [INFO] ApiDb:250 - Set database path to: C:\Users\user\.stmcufinder\plugins\mcufinder//mcu/
2024-05-23 08:51:57,030 [INFO] DbMcusAds:125 - Set database path to: C:\Users\user\.stmcufinder\plugins\mcufinder//mcu/
2024-05-23 08:51:57,032 [INFO] CrossReferenceDbSqlite:203 - Set database path to: C:\Users\user\.stmcufinder\plugins\mcufinder//mcu/cs/
2024-05-23 08:51:57,166 [INFO] RulesReader:64 - Compatibility file has been processed (297 Rules)
2024-05-23 08:51:57,247 [INFO] DbMcusXml:78 - Set database path to: C:\ST\STM32CubeIDE_1.13.1\STM32CubeIDE\plugins\com.st.stm32cube.common.mx_6.11.1.202404110753\\db\/mcu/
2024-05-23 08:51:57,247 [INFO] ApiDb:274 - Set plugin database path to: C:\ST\STM32CubeIDE_1.13.1\STM32CubeIDE\plugins\com.st.stm32cube.common.mx_6.11.1.202404110753\\db\/plugins/boardmanager/
2024-05-23 08:51:57,248 [INFO] ApiDb:261 - Set plugin images path to: C:\ST\STM32CubeIDE_1.13.1\STM32CubeIDE\plugins\com.st.stm32cube.common.mx_6.11.1.202404110753\\db\/plugins/mcufinder/images/
2024-05-23 08:51:57,248 [WARN] DbFile:41 - Overriding database path with different value: C:\Users\user\.stmcufinder\plugins\mcufinder/ => C:\Users\user\.stmcufinder\plugins\mcufinder
2024-05-23 08:51:57,248 [INFO] ApiDb:250 - Set database path to: C:\Users\user\.stmcufinder\plugins\mcufinder//mcu/
2024-05-23 08:51:57,248 [WARN] DbFile:41 - Overriding database path with different value: C:\Users\user\.stmcufinder\plugins\mcufinder/ => C:\Users\user\.stmcufinder\plugins\mcufinder
2024-05-23 08:51:57,248 [INFO] DbMcusAds:125 - Set database path to: C:\Users\user\.stmcufinder\plugins\mcufinder//mcu/
2024-05-23 08:51:57,248 [WARN] DbFile:41 - Overriding database path with different value: C:\Users\user\.stmcufinder\plugins\mcufinder/ => C:\Users\user\.stmcufinder\plugins\mcufinder
2024-05-23 08:51:57,248 [WARN] DbFile:41 - Overriding database path with different value: C:\Users\user\.stmcufinder\plugins\mcufinder/ => C:\Users\user\.stmcufinder\plugins\mcufinder
2024-05-23 08:51:57,248 [INFO] CrossReferenceDbSqlite:203 - Set database path to: C:\Users\user\.stmcufinder\plugins\mcufinder//mcu/cs/
2024-05-23 08:51:57,349 [INFO] MainPanel:264 - HeapMemory: 268435456
2024-05-23 08:51:57,440 [INFO] DbMcusXml:78 - Set database path to: C:\ST\STM32CubeIDE_1.13.1\STM32CubeIDE\plugins\com.st.stm32cube.common.mx_6.11.1.202404110753\\db\/mcu/
2024-05-23 08:51:57,441 [INFO] ApiDb:274 - Set plugin database path to: C:\ST\STM32CubeIDE_1.13.1\STM32CubeIDE\plugins\com.st.stm32cube.common.mx_6.11.1.202404110753\\db\/plugins/boardmanager/
2024-05-23 08:51:57,441 [INFO] ApiDb:261 - Set plugin images path to: C:\ST\STM32CubeIDE_1.13.1\STM32CubeIDE\plugins\com.st.stm32cube.common.mx_6.11.1.202404110753\\db\/plugins/mcufinder/images/
2024-05-23 08:51:57,441 [WARN] DbFile:41 - Overriding database path with different value: C:\Users\user\.stmcufinder\plugins\mcufinder/ => C:\Users\user\.stmcufinder\plugins\mcufinder
2024-05-23 08:51:57,442 [INFO] ApiDb:250 - Set database path to: C:\Users\user\.stmcufinder\plugins\mcufinder//mcu/
2024-05-23 08:51:57,442 [WARN] DbFile:41 - Overriding database path with different value: C:\Users\user\.stmcufinder\plugins\mcufinder/ => C:\Users\user\.stmcufinder\plugins\mcufinder
2024-05-23 08:51:57,442 [INFO] DbMcusAds:125 - Set database path to: C:\Users\user\.stmcufinder\plugins\mcufinder//mcu/
2024-05-23 08:51:57,442 [WARN] DbFile:41 - Overriding database path with different value: C:\Users\user\.stmcufinder\plugins\mcufinder/ => C:\Users\user\.stmcufinder\plugins\mcufinder
2024-05-23 08:51:57,442 [WARN] DbFile:41 - Overriding database path with different value: C:\Users\user\.stmcufinder\plugins\mcufinder/ => C:\Users\user\.stmcufinder\plugins\mcufinder
2024-05-23 08:51:57,443 [INFO] CrossReferenceDbSqlite:203 - Set database path to: C:\Users\user\.stmcufinder\plugins\mcufinder//mcu/cs/
2024-05-23 08:51:57,466 [INFO] ApplicationProperties:184 - Using Application install path: C:\ST\STM32CubeIDE_1.13.1\STM32CubeIDE\plugins\com.st.stm32cube.common.mx_6.11.1.202404110753
2024-05-23 08:51:57,468 [INFO] PluginManage:196 - Search for loadable plugins [exclusion list=, ]
2024-05-23 08:51:57,470 [INFO] PluginManage:310 - Check plugin analytics
2024-05-23 08:51:57,730 [INFO] AnalyticsPlugin:253 - Accepted Software Licenses: 
2024-05-23 08:51:57,731 [INFO] AnalyticsPlugin:255 - Accepted CMSIS Pack Licenses: 
2024-05-23 08:51:57,731 [INFO] AnalyticsPlugin:257 - Accepted Firmware Licenses: FW.L4.1.18.0
2024-05-23 08:51:57,733 [INFO] PluginManage:359 - Loaded plugin analytics (category:tool,tabindex:-1)
2024-05-23 08:51:57,733 [INFO] PluginManage:310 - Check plugin cadmodel
2024-05-23 08:51:57,738 [INFO] CADModel:105 - Init CAD model plugin
2024-05-23 08:51:57,738 [INFO] PluginManage:359 - Loaded plugin cadmodel (category:power,tabindex:5)
2024-05-23 08:51:57,738 [INFO] PluginManage:310 - Check plugin clock
2024-05-23 08:51:57,748 [INFO] PluginManage:359 - Loaded plugin clock (category:base,tabindex:2)
2024-05-23 08:51:57,749 [INFO] PluginManage:310 - Check plugin ddr
2024-05-23 08:51:57,750 [INFO] PluginManage:359 - Loaded plugin ddr (category:tool,tabindex:6)
2024-05-23 08:51:57,751 [INFO] PluginManage:310 - Check plugin filemanager
2024-05-23 08:51:57,930 [INFO] PluginManage:359 - Loaded plugin filemanager (category:base,tabindex:10)
2024-05-23 08:51:57,931 [INFO] PluginManage:310 - Check plugin ipmanager
2024-05-23 08:51:57,942 [INFO] PluginManage:359 - Loaded plugin ipmanager (category:base,tabindex:5)
2024-05-23 08:51:57,942 [INFO] PluginManage:310 - Check plugin lpbam
2024-05-23 08:51:57,950 [INFO] PluginManage:359 - Loaded plugin lpbam (category:base,tabindex:0)
2024-05-23 08:51:57,950 [INFO] PluginManage:310 - Check plugin memorymap
2024-05-23 08:51:57,960 [INFO] PluginManage:359 - Loaded plugin memorymap (category:base,tabindex:4)
2024-05-23 08:51:57,961 [INFO] PluginManage:310 - Check plugin pinoutandconfiguration
2024-05-23 08:51:57,969 [INFO] PluginManage:359 - Loaded plugin pinoutandconfiguration (category:base,tabindex:1)
2024-05-23 08:51:57,969 [INFO] PluginManage:310 - Check plugin pinoutconfig
2024-05-23 08:51:58,058 [WARN] SupportedApi:132 - Cannot load RTOS API schema: s4s-elt-must-match.1: The content of 'definitions' must match (annotation?, (simpleType | complexType)?, (unique | key | keyref)*)). A problem was found starting at: attribute.
2024-05-23 08:51:58,213 [INFO] PluginManage:359 - Loaded plugin pinoutconfig (category:base,tabindex:0)
2024-05-23 08:51:58,214 [INFO] PluginManage:310 - Check plugin power
2024-05-23 08:51:58,224 [INFO] PluginManage:359 - Loaded plugin power (category:power,tabindex:4)
2024-05-23 08:51:58,224 [INFO] PluginManage:310 - Check plugin projectmanager
2024-05-23 08:51:58,241 [INFO] PluginManage:359 - Loaded plugin projectmanager (category:projectmanager,tabindex:3)
2024-05-23 08:51:58,241 [INFO] PluginManage:310 - Check plugin thirdparty
2024-05-23 08:51:58,361 [INFO] PluginManage:359 - Loaded plugin thirdparty (category:base,tabindex:-1)
2024-05-23 08:51:58,361 [INFO] PluginManage:310 - Check plugin tools
2024-05-23 08:51:58,361 [WARN] IntegrityCheckThread:84 - waiting for thirdparty lock release [integrity check]
2024-05-23 08:51:58,362 [INFO] IntegrityCheckThread:86 - entering critical section [integrity check]
2024-05-23 08:51:58,363 [INFO] ThirdPartyUpdaterWithRetryManager:70 - Updater plugin not ready yet. [1/15]
2024-05-23 08:51:58,364 [INFO] PluginManage:359 - Loaded plugin tools (category:base,tabindex:7)
2024-05-23 08:51:58,364 [INFO] PluginManage:310 - Check plugin tutovideos
2024-05-23 08:51:58,599 [INFO] PluginManage:359 - Loaded plugin tutovideos (category:base,tabindex:-1)
2024-05-23 08:51:58,599 [INFO] PluginManage:310 - Check plugin updater
2024-05-23 08:51:58,613 [INFO] PluginManage:359 - Loaded plugin updater (category:base,tabindex:12)
2024-05-23 08:51:58,613 [INFO] PluginManage:310 - Check plugin userauth
2024-05-23 08:51:58,620 [INFO] UserAuth:114 - Init User Auth plugin
2024-05-23 08:51:58,620 [INFO] PluginManage:359 - Loaded plugin userauth (category:base,tabindex:14)
2024-05-23 08:51:58,621 [INFO] PluginManage:283 - PluginManage : Loaded plugins [17]
2024-05-23 08:51:59,049 [INFO] PinOutPanel:1561 - setPackage(No Configuration,No Configuration)
2024-05-23 08:51:59,218 [INFO] CADModel:165 - CPN selected for project level
2024-05-23 08:51:59,218 [INFO] CADModel:114 - Register for checkConnection events
2024-05-23 08:51:59,254 [INFO] IPUIPlugin:80 - create IPUIPlugin
2024-05-23 08:51:59,255 [INFO] PluginManager:220 - loadIPPluginJar : add adc
2024-05-23 08:51:59,260 [INFO] IPUIPlugin:80 - create IPUIPlugin
2024-05-23 08:51:59,261 [INFO] PluginManager:220 - loadIPPluginJar : add aes
2024-05-23 08:51:59,267 [INFO] IPUIPlugin:80 - create IPUIPlugin
2024-05-23 08:51:59,267 [INFO] PluginManager:220 - loadIPPluginJar : add can
2024-05-23 08:51:59,271 [INFO] IPUIPlugin:80 - create IPUIPlugin
2024-05-23 08:51:59,271 [INFO] PluginManager:220 - loadIPPluginJar : add comp
2024-05-23 08:51:59,276 [INFO] IPUIPlugin:80 - create IPUIPlugin
2024-05-23 08:51:59,277 [INFO] PluginManager:220 - loadIPPluginJar : add cryp
2024-05-23 08:51:59,282 [INFO] IPUIPlugin:80 - create IPUIPlugin
2024-05-23 08:51:59,282 [INFO] PluginManager:220 - loadIPPluginJar : add dfsdm
2024-05-23 08:51:59,296 [INFO] IPUIPlugin:80 - create IPUIPlugin
2024-05-23 08:51:59,298 [INFO] PluginManager:220 - loadIPPluginJar : add dma
2024-05-23 08:51:59,304 [INFO] IPUIPlugin:80 - create IPUIPlugin
2024-05-23 08:51:59,305 [INFO] PluginManager:220 - loadIPPluginJar : add dma3
2024-05-23 08:51:59,310 [INFO] IPUIPlugin:80 - create IPUIPlugin
2024-05-23 08:51:59,311 [INFO] PluginManager:220 - loadIPPluginJar : add extmemmanager
2024-05-23 08:51:59,314 [INFO] IPUIPlugin:80 - create IPUIPlugin
2024-05-23 08:51:59,314 [INFO] PluginManager:220 - loadIPPluginJar : add fatfs
2024-05-23 08:51:59,321 [INFO] IPUIPlugin:80 - create IPUIPlugin
2024-05-23 08:51:59,322 [INFO] PluginManager:220 - loadIPPluginJar : add fmc
2024-05-23 08:51:59,332 [INFO] IPUIPlugin:80 - create IPUIPlugin
2024-05-23 08:51:59,332 [INFO] PluginManager:220 - loadIPPluginJar : add freertos
2024-05-23 08:51:59,334 [INFO] IPUIPlugin:80 - create IPUIPlugin
2024-05-23 08:51:59,335 [INFO] PluginManager:220 - loadIPPluginJar : add genericplugin
2024-05-23 08:51:59,337 [INFO] IPUIPlugin:80 - create IPUIPlugin
2024-05-23 08:51:59,338 [INFO] PluginManager:220 - loadIPPluginJar : add gfxmmu
2024-05-23 08:51:59,343 [INFO] IPUIPlugin:80 - create IPUIPlugin
2024-05-23 08:51:59,344 [INFO] PluginManager:220 - loadIPPluginJar : add gic
2024-05-23 08:51:59,349 [INFO] IPUIPlugin:80 - create IPUIPlugin
2024-05-23 08:51:59,351 [INFO] PluginManager:220 - loadIPPluginJar : add gpio
2024-05-23 08:51:59,354 [INFO] IPUIPlugin:80 - create IPUIPlugin
2024-05-23 08:51:59,355 [INFO] PluginManager:220 - loadIPPluginJar : add gtzc
2024-05-23 08:51:59,357 [INFO] IPUIPlugin:80 - create IPUIPlugin
2024-05-23 08:51:59,357 [INFO] PluginManager:220 - loadIPPluginJar : add hash
2024-05-23 08:51:59,360 [INFO] IPUIPlugin:80 - create IPUIPlugin
2024-05-23 08:51:59,360 [INFO] PluginManager:220 - loadIPPluginJar : add i2c
2024-05-23 08:51:59,362 [INFO] IPUIPlugin:80 - create IPUIPlugin
2024-05-23 08:51:59,362 [INFO] PluginManager:220 - loadIPPluginJar : add i2s
2024-05-23 08:51:59,366 [INFO] IPUIPlugin:80 - create IPUIPlugin
2024-05-23 08:51:59,366 [INFO] PluginManager:220 - loadIPPluginJar : add i3c
2024-05-23 08:51:59,372 [INFO] IPUIPlugin:80 - create IPUIPlugin
2024-05-23 08:51:59,372 [INFO] PluginManager:220 - loadIPPluginJar : add ipddr
2024-05-23 08:51:59,386 [INFO] IPUIPlugin:80 - create IPUIPlugin
2024-05-23 08:51:59,387 [INFO] PluginManager:220 - loadIPPluginJar : add linkedlist
